<?xml version="1.0" encoding="UTF-8"?>
<!-- Generated by org.testng.reporters.JUnitReportReporter -->
<testsuite skipped="0" hostname="PunXound" name="fluent.api.EndProcessorTest" tests="10" failures="0" timestamp="19 Čer 2018 13:28:08 GMT" time="1.265" errors="0">
  <testcase name="compilationShouldPassWhen" time="0.044" classname="fluent.api.EndProcessorTest"/>
  <testcase name="compilationShouldPassWhen" time="0.048" classname="fluent.api.EndProcessorTest"/>
  <testcase name="compilationShouldFailWhen" time="0.717" classname="fluent.api.EndProcessorTest"/>
  <testcase name="compilationShouldFailWhen" time="0.045" classname="fluent.api.EndProcessorTest"/>
  <testcase name="compilationShouldFailWhen" time="0.024" classname="fluent.api.EndProcessorTest"/>
  <testcase name="compilationShouldFailWhen" time="0.043" classname="fluent.api.EndProcessorTest"/>
  <testcase name="compilationShouldPassWhen" time="0.088" classname="fluent.api.EndProcessorTest"/>
  <testcase name="compilationShouldPassWhen" time="0.111" classname="fluent.api.EndProcessorTest"/>
  <testcase name="compilationShouldPassWhen" time="0.100" classname="fluent.api.EndProcessorTest"/>
  <testcase name="compilationShouldPassWhen" time="0.045" classname="fluent.api.EndProcessorTest"/>
</testsuite> <!-- fluent.api.EndProcessorTest -->
