<?xml version="1.0" encoding="UTF-8"?>
<testng-results skipped="0" failed="0" ignored="0" total="19" passed="19">
  <reporter-output>
  </reporter-output>
  <suite name="fluent.api.EndProcessorTest" duration-ms="1468" started-at="2018-06-19T13:25:20Z" finished-at="2018-06-19T13:25:22Z">
    <groups>
    </groups>
    <test name="Command line test" duration-ms="1468" started-at="2018-06-19T13:25:20Z" finished-at="2018-06-19T13:25:22Z">
      <class name="fluent.api.EndProcessorTest">
        <test-method status="PASS" signature="compilationShouldFailWhen(java.lang.String)[pri:0, instance:fluent.api.EndProcessorTest@340f438e]" name="compilationShouldFailWhen" duration-ms="597" started-at="2018-06-19T13:25:20Z" data-provider="sourceFileThatShouldFail" finished-at="2018-06-19T13:25:21Z">
          <params>
            <param index="0">
              <value>
                <![CDATA[ImmediateEndMethodMissing]]>
              </value>
            </param>
          </params>
          <reporter-output>
          </reporter-output>
        </test-method> <!-- compilationShouldFailWhen -->
        <test-method status="PASS" signature="compilationShouldFailWhen(java.lang.String)[pri:0, instance:fluent.api.EndProcessorTest@340f438e]" name="compilationShouldFailWhen" duration-ms="41" started-at="2018-06-19T13:25:21Z" data-provider="sourceFileThatShouldFail" finished-at="2018-06-19T13:25:21Z">
          <params>
            <param index="0">
              <value>
                <![CDATA[ImmediateEndMethodMissingAfterConstructor]]>
              </value>
            </param>
          </params>
          <reporter-output>
          </reporter-output>
        </test-method> <!-- compilationShouldFailWhen -->
        <test-method status="PASS" signature="compilationShouldFailWhen(java.lang.String)[pri:0, instance:fluent.api.EndProcessorTest@340f438e]" name="compilationShouldFailWhen" duration-ms="44" started-at="2018-06-19T13:25:21Z" data-provider="sourceFileThatShouldFail" finished-at="2018-06-19T13:25:21Z">
          <params>
            <param index="0">
              <value>
                <![CDATA[EndMethodMissing]]>
              </value>
            </param>
          </params>
          <reporter-output>
          </reporter-output>
        </test-method> <!-- compilationShouldFailWhen -->
        <test-method status="PASS" signature="compilationShouldFailWhen(java.lang.String)[pri:0, instance:fluent.api.EndProcessorTest@340f438e]" name="compilationShouldFailWhen" duration-ms="50" started-at="2018-06-19T13:25:21Z" data-provider="sourceFileThatShouldFail" finished-at="2018-06-19T13:25:21Z">
          <params>
            <param index="0">
              <value>
                <![CDATA[EndMethodMissingInNesting]]>
              </value>
            </param>
          </params>
          <reporter-output>
          </reporter-output>
        </test-method> <!-- compilationShouldFailWhen -->
        <test-method status="PASS" signature="compilationShouldFailWhen(java.lang.String)[pri:0, instance:fluent.api.EndProcessorTest@340f438e]" name="compilationShouldFailWhen" duration-ms="43" started-at="2018-06-19T13:25:21Z" data-provider="sourceFileThatShouldFail" finished-at="2018-06-19T13:25:21Z">
          <params>
            <param index="0">
              <value>
                <![CDATA[UnmarkedEndMethod]]>
              </value>
            </param>
          </params>
          <reporter-output>
          </reporter-output>
        </test-method> <!-- compilationShouldFailWhen -->
        <test-method status="PASS" signature="compilationShouldFailWhen(java.lang.String)[pri:0, instance:fluent.api.EndProcessorTest@340f438e]" name="compilationShouldFailWhen" duration-ms="22" started-at="2018-06-19T13:25:21Z" data-provider="sourceFileThatShouldFail" finished-at="2018-06-19T13:25:21Z">
          <params>
            <param index="0">
              <value>
                <![CDATA[NestedEndMethodMissing]]>
              </value>
            </param>
          </params>
          <reporter-output>
          </reporter-output>
        </test-method> <!-- compilationShouldFailWhen -->
        <test-method status="PASS" signature="compilationShouldFailWhen(java.lang.String)[pri:0, instance:fluent.api.EndProcessorTest@340f438e]" name="compilationShouldFailWhen" duration-ms="64" started-at="2018-06-19T13:25:21Z" data-provider="sourceFileThatShouldFail" finished-at="2018-06-19T13:25:21Z">
          <params>
            <param index="0">
              <value>
                <![CDATA[ExternalEndMethodMissing]]>
              </value>
            </param>
          </params>
          <reporter-output>
          </reporter-output>
        </test-method> <!-- compilationShouldFailWhen -->
        <test-method status="PASS" signature="compilationShouldFailWhen(java.lang.String)[pri:0, instance:fluent.api.EndProcessorTest@340f438e]" name="compilationShouldFailWhen" duration-ms="41" started-at="2018-06-19T13:25:21Z" data-provider="sourceFileThatShouldFail" finished-at="2018-06-19T13:25:21Z">
          <params>
            <param index="0">
              <value>
                <![CDATA[ExternalGenericEndMethodMissing]]>
              </value>
            </param>
          </params>
          <reporter-output>
          </reporter-output>
        </test-method> <!-- compilationShouldFailWhen -->
        <test-method status="PASS" signature="compilationShouldFailWhen(java.lang.String)[pri:0, instance:fluent.api.EndProcessorTest@340f438e]" name="compilationShouldFailWhen" duration-ms="48" started-at="2018-06-19T13:25:21Z" data-provider="sourceFileThatShouldFail" finished-at="2018-06-19T13:25:21Z">
          <params>
            <param index="0">
              <value>
                <![CDATA[ImmediateEndMethodMissingAfterAnonymousClass]]>
              </value>
            </param>
          </params>
          <reporter-output>
          </reporter-output>
        </test-method> <!-- compilationShouldFailWhen -->
        <test-method status="PASS" signature="compilationShouldPassWhen(java.lang.String)[pri:0, instance:fluent.api.EndProcessorTest@340f438e]" name="compilationShouldPassWhen" duration-ms="51" started-at="2018-06-19T13:25:21Z" data-provider="sourceFilesThatShouldPass" finished-at="2018-06-19T13:25:21Z">
          <params>
            <param index="0">
              <value>
                <![CDATA[EndMethodNotMissing]]>
              </value>
            </param>
          </params>
          <reporter-output>
          </reporter-output>
        </test-method> <!-- compilationShouldPassWhen -->
        <test-method status="PASS" signature="compilationShouldPassWhen(java.lang.String)[pri:0, instance:fluent.api.EndProcessorTest@340f438e]" name="compilationShouldPassWhen" duration-ms="57" started-at="2018-06-19T13:25:21Z" data-provider="sourceFilesThatShouldPass" finished-at="2018-06-19T13:25:21Z">
          <params>
            <param index="0">
              <value>
                <![CDATA[PassThroughEndMethodNotMissing]]>
              </value>
            </param>
          </params>
          <reporter-output>
          </reporter-output>
        </test-method> <!-- compilationShouldPassWhen -->
        <test-method status="PASS" signature="compilationShouldPassWhen(java.lang.String)[pri:0, instance:fluent.api.EndProcessorTest@340f438e]" name="compilationShouldPassWhen" duration-ms="37" started-at="2018-06-19T13:25:21Z" data-provider="sourceFilesThatShouldPass" finished-at="2018-06-19T13:25:21Z">
          <params>
            <param index="0">
              <value>
                <![CDATA[EndMethodMissingInAssignment]]>
              </value>
            </param>
          </params>
          <reporter-output>
          </reporter-output>
        </test-method> <!-- compilationShouldPassWhen -->
        <test-method status="PASS" signature="compilationShouldPassWhen(java.lang.String)[pri:0, instance:fluent.api.EndProcessorTest@340f438e]" name="compilationShouldPassWhen" duration-ms="42" started-at="2018-06-19T13:25:21Z" data-provider="sourceFilesThatShouldPass" finished-at="2018-06-19T13:25:22Z">
          <params>
            <param index="0">
              <value>
                <![CDATA[EndMethodCheckIgnored]]>
              </value>
            </param>
          </params>
          <reporter-output>
          </reporter-output>
        </test-method> <!-- compilationShouldPassWhen -->
        <test-method status="PASS" signature="compilationShouldPassWhen(java.lang.String)[pri:0, instance:fluent.api.EndProcessorTest@340f438e]" name="compilationShouldPassWhen" duration-ms="36" started-at="2018-06-19T13:25:22Z" data-provider="sourceFilesThatShouldPass" finished-at="2018-06-19T13:25:22Z">
          <params>
            <param index="0">
              <value>
                <![CDATA[EndMethodNotMissingInNesting]]>
              </value>
            </param>
          </params>
          <reporter-output>
          </reporter-output>
        </test-method> <!-- compilationShouldPassWhen -->
        <test-method status="PASS" signature="compilationShouldPassWhen(java.lang.String)[pri:0, instance:fluent.api.EndProcessorTest@340f438e]" name="compilationShouldPassWhen" duration-ms="41" started-at="2018-06-19T13:25:22Z" data-provider="sourceFilesThatShouldPass" finished-at="2018-06-19T13:25:22Z">
          <params>
            <param index="0">
              <value>
                <![CDATA[NestedEndMethodNotMissing]]>
              </value>
            </param>
          </params>
          <reporter-output>
          </reporter-output>
        </test-method> <!-- compilationShouldPassWhen -->
        <test-method status="PASS" signature="compilationShouldPassWhen(java.lang.String)[pri:0, instance:fluent.api.EndProcessorTest@340f438e]" name="compilationShouldPassWhen" duration-ms="45" started-at="2018-06-19T13:25:22Z" data-provider="sourceFilesThatShouldPass" finished-at="2018-06-19T13:25:22Z">
          <params>
            <param index="0">
              <value>
                <![CDATA[ExternalEndMethodNotMissing]]>
              </value>
            </param>
          </params>
          <reporter-output>
          </reporter-output>
        </test-method> <!-- compilationShouldPassWhen -->
        <test-method status="PASS" signature="compilationShouldPassWhen(java.lang.String)[pri:0, instance:fluent.api.EndProcessorTest@340f438e]" name="compilationShouldPassWhen" duration-ms="56" started-at="2018-06-19T13:25:22Z" data-provider="sourceFilesThatShouldPass" finished-at="2018-06-19T13:25:22Z">
          <params>
            <param index="0">
              <value>
                <![CDATA[ExternalGenericEndMethodNotMissing]]>
              </value>
            </param>
          </params>
          <reporter-output>
          </reporter-output>
        </test-method> <!-- compilationShouldPassWhen -->
        <test-method status="PASS" signature="compilationShouldPassWhen(java.lang.String)[pri:0, instance:fluent.api.EndProcessorTest@340f438e]" name="compilationShouldPassWhen" duration-ms="32" started-at="2018-06-19T13:25:22Z" data-provider="sourceFilesThatShouldPass" finished-at="2018-06-19T13:25:22Z">
          <params>
            <param index="0">
              <value>
                <![CDATA[ExternalGenericEndMethodWithParameterNotMissing]]>
              </value>
            </param>
          </params>
          <reporter-output>
          </reporter-output>
        </test-method> <!-- compilationShouldPassWhen -->
        <test-method status="PASS" signature="compilationShouldPassWhen(java.lang.String)[pri:0, instance:fluent.api.EndProcessorTest@340f438e]" name="compilationShouldPassWhen" duration-ms="57" started-at="2018-06-19T13:25:22Z" data-provider="sourceFilesThatShouldPass" finished-at="2018-06-19T13:25:22Z">
          <params>
            <param index="0">
              <value>
                <![CDATA[ExternalGenericEndMethodWithGenericParameterNotMissing]]>
              </value>
            </param>
          </params>
          <reporter-output>
          </reporter-output>
        </test-method> <!-- compilationShouldPassWhen -->
      </class> <!-- fluent.api.EndProcessorTest -->
    </test> <!-- Command line test -->
  </suite> <!-- fluent.api.EndProcessorTest -->
</testng-results>
