<?xml version="1.0" encoding="UTF-8"?>
<testng-results skipped="0" failed="0" ignored="0" total="10" passed="10">
  <reporter-output>
  </reporter-output>
  <suite name="fluent.api.EndProcessorTest" duration-ms="1343" started-at="2018-06-19T13:28:07Z" finished-at="2018-06-19T13:28:08Z">
    <groups>
    </groups>
    <test name="Command line test" duration-ms="1343" started-at="2018-06-19T13:28:07Z" finished-at="2018-06-19T13:28:08Z">
      <class name="fluent.api.EndProcessorTest">
        <test-method status="PASS" signature="compilationShouldFailWhen(java.lang.String)[pri:0, instance:fluent.api.EndProcessorTest@340f438e]" name="compilationShouldFailWhen" duration-ms="717" started-at="2018-06-19T13:28:07Z" data-provider="sourceFileThatShouldFail" finished-at="2018-06-19T13:28:08Z">
          <params>
            <param index="0">
              <value>
                <![CDATA[EndMethodMissing]]>
              </value>
            </param>
          </params>
          <reporter-output>
          </reporter-output>
        </test-method> <!-- compilationShouldFailWhen -->
        <test-method status="PASS" signature="compilationShouldFailWhen(java.lang.String)[pri:0, instance:fluent.api.EndProcessorTest@340f438e]" name="compilationShouldFailWhen" duration-ms="45" started-at="2018-06-19T13:28:08Z" data-provider="sourceFileThatShouldFail" finished-at="2018-06-19T13:28:08Z">
          <params>
            <param index="0">
              <value>
                <![CDATA[EndMethodMissingInNesting]]>
              </value>
            </param>
          </params>
          <reporter-output>
          </reporter-output>
        </test-method> <!-- compilationShouldFailWhen -->
        <test-method status="PASS" signature="compilationShouldFailWhen(java.lang.String)[pri:0, instance:fluent.api.EndProcessorTest@340f438e]" name="compilationShouldFailWhen" duration-ms="43" started-at="2018-06-19T13:28:08Z" data-provider="sourceFileThatShouldFail" finished-at="2018-06-19T13:28:08Z">
          <params>
            <param index="0">
              <value>
                <![CDATA[UnmarkedEndMethod]]>
              </value>
            </param>
          </params>
          <reporter-output>
          </reporter-output>
        </test-method> <!-- compilationShouldFailWhen -->
        <test-method status="PASS" signature="compilationShouldFailWhen(java.lang.String)[pri:0, instance:fluent.api.EndProcessorTest@340f438e]" name="compilationShouldFailWhen" duration-ms="24" started-at="2018-06-19T13:28:08Z" data-provider="sourceFileThatShouldFail" finished-at="2018-06-19T13:28:08Z">
          <params>
            <param index="0">
              <value>
                <![CDATA[NestedEndMethodMissing]]>
              </value>
            </param>
          </params>
          <reporter-output>
          </reporter-output>
        </test-method> <!-- compilationShouldFailWhen -->
        <test-method status="PASS" signature="compilationShouldPassWhen(java.lang.String)[pri:0, instance:fluent.api.EndProcessorTest@340f438e]" name="compilationShouldPassWhen" duration-ms="111" started-at="2018-06-19T13:28:08Z" data-provider="sourceFilesThatShouldPass" finished-at="2018-06-19T13:28:08Z">
          <params>
            <param index="0">
              <value>
                <![CDATA[EndMethodNotMissing]]>
              </value>
            </param>
          </params>
          <reporter-output>
          </reporter-output>
        </test-method> <!-- compilationShouldPassWhen -->
        <test-method status="PASS" signature="compilationShouldPassWhen(java.lang.String)[pri:0, instance:fluent.api.EndProcessorTest@340f438e]" name="compilationShouldPassWhen" duration-ms="44" started-at="2018-06-19T13:28:08Z" data-provider="sourceFilesThatShouldPass" finished-at="2018-06-19T13:28:08Z">
          <params>
            <param index="0">
              <value>
                <![CDATA[PassThroughEndMethodNotMissing]]>
              </value>
            </param>
          </params>
          <reporter-output>
          </reporter-output>
        </test-method> <!-- compilationShouldPassWhen -->
        <test-method status="PASS" signature="compilationShouldPassWhen(java.lang.String)[pri:0, instance:fluent.api.EndProcessorTest@340f438e]" name="compilationShouldPassWhen" duration-ms="45" started-at="2018-06-19T13:28:08Z" data-provider="sourceFilesThatShouldPass" finished-at="2018-06-19T13:28:08Z">
          <params>
            <param index="0">
              <value>
                <![CDATA[EndMethodMissingInAssignment]]>
              </value>
            </param>
          </params>
          <reporter-output>
          </reporter-output>
        </test-method> <!-- compilationShouldPassWhen -->
        <test-method status="PASS" signature="compilationShouldPassWhen(java.lang.String)[pri:0, instance:fluent.api.EndProcessorTest@340f438e]" name="compilationShouldPassWhen" duration-ms="100" started-at="2018-06-19T13:28:08Z" data-provider="sourceFilesThatShouldPass" finished-at="2018-06-19T13:28:08Z">
          <params>
            <param index="0">
              <value>
                <![CDATA[EndMethodCheckIgnored]]>
              </value>
            </param>
          </params>
          <reporter-output>
          </reporter-output>
        </test-method> <!-- compilationShouldPassWhen -->
        <test-method status="PASS" signature="compilationShouldPassWhen(java.lang.String)[pri:0, instance:fluent.api.EndProcessorTest@340f438e]" name="compilationShouldPassWhen" duration-ms="88" started-at="2018-06-19T13:28:08Z" data-provider="sourceFilesThatShouldPass" finished-at="2018-06-19T13:28:08Z">
          <params>
            <param index="0">
              <value>
                <![CDATA[EndMethodNotMissingInNesting]]>
              </value>
            </param>
          </params>
          <reporter-output>
          </reporter-output>
        </test-method> <!-- compilationShouldPassWhen -->
        <test-method status="PASS" signature="compilationShouldPassWhen(java.lang.String)[pri:0, instance:fluent.api.EndProcessorTest@340f438e]" name="compilationShouldPassWhen" duration-ms="48" started-at="2018-06-19T13:28:08Z" data-provider="sourceFilesThatShouldPass" finished-at="2018-06-19T13:28:08Z">
          <params>
            <param index="0">
              <value>
                <![CDATA[NestedEndMethodNotMissing]]>
              </value>
            </param>
          </params>
          <reporter-output>
          </reporter-output>
        </test-method> <!-- compilationShouldPassWhen -->
      </class> <!-- fluent.api.EndProcessorTest -->
    </test> <!-- Command line test -->
  </suite> <!-- fluent.api.EndProcessorTest -->
</testng-results>
