<?xml version="1.0" encoding="UTF-8"?>
<!-- Generated by org.testng.reporters.JUnitReportReporter -->
<testsuite skipped="0" hostname="PunXound" name="fluent.api.EndProcessorTest" tests="17" failures="0" timestamp="19 Čer 2018 13:26:20 GMT" time="1.407" errors="0">
  <testcase name="compilationShouldFailWhen" time="0.042" classname="fluent.api.EndProcessorTest"/>
  <testcase name="compilationShouldFailWhen" time="0.063" classname="fluent.api.EndProcessorTest"/>
  <testcase name="compilationShouldFailWhen" time="0.059" classname="fluent.api.EndProcessorTest"/>
  <testcase name="compilationShouldFailWhen" time="0.649" classname="fluent.api.EndProcessorTest"/>
  <testcase name="compilationShouldPassWhen" time="0.052" classname="fluent.api.EndProcessorTest"/>
  <testcase name="compilationShouldPassWhen" time="0.038" classname="fluent.api.EndProcessorTest"/>
  <testcase name="compilationShouldPassWhen" time="0.035" classname="fluent.api.EndProcessorTest"/>
  <testcase name="compilationShouldFailWhen" time="0.027" classname="fluent.api.EndProcessorTest"/>
  <testcase name="compilationShouldPassWhen" time="0.067" classname="fluent.api.EndProcessorTest"/>
  <testcase name="compilationShouldPassWhen" time="0.071" classname="fluent.api.EndProcessorTest"/>
  <testcase name="compilationShouldPassWhen" time="0.067" classname="fluent.api.EndProcessorTest"/>
  <testcase name="compilationShouldPassWhen" time="0.031" classname="fluent.api.EndProcessorTest"/>
  <testcase name="compilationShouldPassWhen" time="0.032" classname="fluent.api.EndProcessorTest"/>
  <testcase name="compilationShouldPassWhen" time="0.041" classname="fluent.api.EndProcessorTest"/>
  <testcase name="compilationShouldFailWhen" time="0.045" classname="fluent.api.EndProcessorTest"/>
  <testcase name="compilationShouldPassWhen" time="0.032" classname="fluent.api.EndProcessorTest"/>
  <testcase name="compilationShouldFailWhen" time="0.056" classname="fluent.api.EndProcessorTest"/>
</testsuite> <!-- fluent.api.EndProcessorTest -->
