<?xml version="1.0" encoding="UTF-8"?>
<testng-results skipped="0" failed="0" ignored="0" total="4" passed="4">
  <reporter-output>
  </reporter-output>
  <suite name="fluent.api.EndProcessorTest" duration-ms="771" started-at="2018-06-19T13:29:10Z" finished-at="2018-06-19T13:29:11Z">
    <groups>
    </groups>
    <test name="Command line test" duration-ms="771" started-at="2018-06-19T13:29:10Z" finished-at="2018-06-19T13:29:11Z">
      <class name="fluent.api.EndProcessorTest">
        <test-method status="PASS" signature="compilationShouldFailWhenEndMethodMissing()[pri:0, instance:fluent.api.EndProcessorTest@340f438e]" name="compilationShouldFailWhenEndMethodMissing" duration-ms="577" started-at="2018-06-19T13:29:10Z" finished-at="2018-06-19T13:29:11Z">
          <reporter-output>
          </reporter-output>
        </test-method> <!-- compilationShouldFailWhenEndMethodMissing -->
        <test-method status="PASS" signature="compilationShouldPassWhen(java.lang.String)[pri:0, instance:fluent.api.EndProcessorTest@340f438e]" name="compilationShouldPassWhen" duration-ms="60" started-at="2018-06-19T13:29:11Z" data-provider="sourceFilesThatShouldPass" finished-at="2018-06-19T13:29:11Z">
          <params>
            <param index="0">
              <value>
                <![CDATA[EndMethodNotMissing]]>
              </value>
            </param>
          </params>
          <reporter-output>
          </reporter-output>
        </test-method> <!-- compilationShouldPassWhen -->
        <test-method status="PASS" signature="compilationShouldPassWhen(java.lang.String)[pri:0, instance:fluent.api.EndProcessorTest@340f438e]" name="compilationShouldPassWhen" duration-ms="41" started-at="2018-06-19T13:29:11Z" data-provider="sourceFilesThatShouldPass" finished-at="2018-06-19T13:29:11Z">
          <params>
            <param index="0">
              <value>
                <![CDATA[EndMethodMissingInAssignment]]>
              </value>
            </param>
          </params>
          <reporter-output>
          </reporter-output>
        </test-method> <!-- compilationShouldPassWhen -->
        <test-method status="PASS" signature="compilationShouldPassWhen(java.lang.String)[pri:0, instance:fluent.api.EndProcessorTest@340f438e]" name="compilationShouldPassWhen" duration-ms="50" started-at="2018-06-19T13:29:11Z" data-provider="sourceFilesThatShouldPass" finished-at="2018-06-19T13:29:11Z">
          <params>
            <param index="0">
              <value>
                <![CDATA[EndMethodCheckIgnored]]>
              </value>
            </param>
          </params>
          <reporter-output>
          </reporter-output>
        </test-method> <!-- compilationShouldPassWhen -->
      </class> <!-- fluent.api.EndProcessorTest -->
    </test> <!-- Command line test -->
  </suite> <!-- fluent.api.EndProcessorTest -->
</testng-results>
