<?xml version="1.0" encoding="UTF-8"?>
<!-- Generated by org.testng.reporters.JUnitReportReporter -->
<testsuite skipped="0" hostname="PunXound" name="fluent.api.EndProcessorTest" tests="19" failures="0" timestamp="19 Čer 2018 13:25:22 GMT" time="1.404" errors="0">
  <testcase name="compilationShouldFailWhen" time="0.064" classname="fluent.api.EndProcessorTest"/>
  <testcase name="compilationShouldPassWhen" time="0.042" classname="fluent.api.EndProcessorTest"/>
  <testcase name="compilationShouldPassWhen" time="0.057" classname="fluent.api.EndProcessorTest"/>
  <testcase name="compilationShouldFailWhen" time="0.044" classname="fluent.api.EndProcessorTest"/>
  <testcase name="compilationShouldPassWhen" time="0.041" classname="fluent.api.EndProcessorTest"/>
  <testcase name="compilationShouldPassWhen" time="0.057" classname="fluent.api.EndProcessorTest"/>
  <testcase name="compilationShouldFailWhen" time="0.041" classname="fluent.api.EndProcessorTest"/>
  <testcase name="compilationShouldFailWhen" time="0.050" classname="fluent.api.EndProcessorTest"/>
  <testcase name="compilationShouldPassWhen" time="0.032" classname="fluent.api.EndProcessorTest"/>
  <testcase name="compilationShouldPassWhen" time="0.045" classname="fluent.api.EndProcessorTest"/>
  <testcase name="compilationShouldFailWhen" time="0.022" classname="fluent.api.EndProcessorTest"/>
  <testcase name="compilationShouldFailWhen" time="0.597" classname="fluent.api.EndProcessorTest"/>
  <testcase name="compilationShouldPassWhen" time="0.051" classname="fluent.api.EndProcessorTest"/>
  <testcase name="compilationShouldPassWhen" time="0.036" classname="fluent.api.EndProcessorTest"/>
  <testcase name="compilationShouldPassWhen" time="0.037" classname="fluent.api.EndProcessorTest"/>
  <testcase name="compilationShouldFailWhen" time="0.048" classname="fluent.api.EndProcessorTest"/>
  <testcase name="compilationShouldFailWhen" time="0.041" classname="fluent.api.EndProcessorTest"/>
  <testcase name="compilationShouldPassWhen" time="0.056" classname="fluent.api.EndProcessorTest"/>
  <testcase name="compilationShouldFailWhen" time="0.043" classname="fluent.api.EndProcessorTest"/>
</testsuite> <!-- fluent.api.EndProcessorTest -->
