<?xml version="1.0" encoding="UTF-8"?>
<testng-results skipped="0" failed="0" ignored="0" total="19" passed="19">
  <reporter-output>
  </reporter-output>
  <suite name="fluent.api.EndProcessorTest" duration-ms="1516" started-at="2018-06-19T13:24:13Z" finished-at="2018-06-19T13:24:14Z">
    <groups>
    </groups>
    <test name="Command line test" duration-ms="1516" started-at="2018-06-19T13:24:13Z" finished-at="2018-06-19T13:24:14Z">
      <class name="fluent.api.EndProcessorTest">
        <test-method status="PASS" signature="compilationShouldFailWhen(java.lang.String)[pri:0, instance:fluent.api.EndProcessorTest@340f438e]" name="compilationShouldFailWhen" duration-ms="612" started-at="2018-06-19T13:24:13Z" data-provider="sourceFileThatShouldFail" finished-at="2018-06-19T13:24:13Z">
          <params>
            <param index="0">
              <value>
                <![CDATA[ImmediateEndMethodMissing]]>
              </value>
            </param>
          </params>
          <reporter-output>
          </reporter-output>
        </test-method> <!-- compilationShouldFailWhen -->
        <test-method status="PASS" signature="compilationShouldFailWhen(java.lang.String)[pri:0, instance:fluent.api.EndProcessorTest@340f438e]" name="compilationShouldFailWhen" duration-ms="46" started-at="2018-06-19T13:24:13Z" data-provider="sourceFileThatShouldFail" finished-at="2018-06-19T13:24:13Z">
          <params>
            <param index="0">
              <value>
                <![CDATA[ImmediateEndMethodMissingAfterConstructor]]>
              </value>
            </param>
          </params>
          <reporter-output>
          </reporter-output>
        </test-method> <!-- compilationShouldFailWhen -->
        <test-method status="PASS" signature="compilationShouldFailWhen(java.lang.String)[pri:0, instance:fluent.api.EndProcessorTest@340f438e]" name="compilationShouldFailWhen" duration-ms="42" started-at="2018-06-19T13:24:13Z" data-provider="sourceFileThatShouldFail" finished-at="2018-06-19T13:24:14Z">
          <params>
            <param index="0">
              <value>
                <![CDATA[EndMethodMissing]]>
              </value>
            </param>
          </params>
          <reporter-output>
          </reporter-output>
        </test-method> <!-- compilationShouldFailWhen -->
        <test-method status="PASS" signature="compilationShouldFailWhen(java.lang.String)[pri:0, instance:fluent.api.EndProcessorTest@340f438e]" name="compilationShouldFailWhen" duration-ms="54" started-at="2018-06-19T13:24:14Z" data-provider="sourceFileThatShouldFail" finished-at="2018-06-19T13:24:14Z">
          <params>
            <param index="0">
              <value>
                <![CDATA[EndMethodMissingInNesting]]>
              </value>
            </param>
          </params>
          <reporter-output>
          </reporter-output>
        </test-method> <!-- compilationShouldFailWhen -->
        <test-method status="PASS" signature="compilationShouldFailWhen(java.lang.String)[pri:0, instance:fluent.api.EndProcessorTest@340f438e]" name="compilationShouldFailWhen" duration-ms="41" started-at="2018-06-19T13:24:14Z" data-provider="sourceFileThatShouldFail" finished-at="2018-06-19T13:24:14Z">
          <params>
            <param index="0">
              <value>
                <![CDATA[UnmarkedEndMethod]]>
              </value>
            </param>
          </params>
          <reporter-output>
          </reporter-output>
        </test-method> <!-- compilationShouldFailWhen -->
        <test-method status="PASS" signature="compilationShouldFailWhen(java.lang.String)[pri:0, instance:fluent.api.EndProcessorTest@340f438e]" name="compilationShouldFailWhen" duration-ms="30" started-at="2018-06-19T13:24:14Z" data-provider="sourceFileThatShouldFail" finished-at="2018-06-19T13:24:14Z">
          <params>
            <param index="0">
              <value>
                <![CDATA[NestedEndMethodMissing]]>
              </value>
            </param>
          </params>
          <reporter-output>
          </reporter-output>
        </test-method> <!-- compilationShouldFailWhen -->
        <test-method status="PASS" signature="compilationShouldFailWhen(java.lang.String)[pri:0, instance:fluent.api.EndProcessorTest@340f438e]" name="compilationShouldFailWhen" duration-ms="61" started-at="2018-06-19T13:24:14Z" data-provider="sourceFileThatShouldFail" finished-at="2018-06-19T13:24:14Z">
          <params>
            <param index="0">
              <value>
                <![CDATA[ExternalEndMethodMissing]]>
              </value>
            </param>
          </params>
          <reporter-output>
          </reporter-output>
        </test-method> <!-- compilationShouldFailWhen -->
        <test-method status="PASS" signature="compilationShouldFailWhen(java.lang.String)[pri:0, instance:fluent.api.EndProcessorTest@340f438e]" name="compilationShouldFailWhen" duration-ms="38" started-at="2018-06-19T13:24:14Z" data-provider="sourceFileThatShouldFail" finished-at="2018-06-19T13:24:14Z">
          <params>
            <param index="0">
              <value>
                <![CDATA[ExternalGenericEndMethodMissing]]>
              </value>
            </param>
          </params>
          <reporter-output>
          </reporter-output>
        </test-method> <!-- compilationShouldFailWhen -->
        <test-method status="PASS" signature="compilationShouldFailWhen(java.lang.String)[pri:0, instance:fluent.api.EndProcessorTest@340f438e]" name="compilationShouldFailWhen" duration-ms="41" started-at="2018-06-19T13:24:14Z" data-provider="sourceFileThatShouldFail" finished-at="2018-06-19T13:24:14Z">
          <params>
            <param index="0">
              <value>
                <![CDATA[ImmediateEndMethodMissingAfterAnonymousClass]]>
              </value>
            </param>
          </params>
          <reporter-output>
          </reporter-output>
        </test-method> <!-- compilationShouldFailWhen -->
        <test-method status="PASS" signature="compilationShouldPassWhen(java.lang.String)[pri:0, instance:fluent.api.EndProcessorTest@340f438e]" name="compilationShouldPassWhen" duration-ms="47" started-at="2018-06-19T13:24:14Z" data-provider="sourceFilesThatShouldPass" finished-at="2018-06-19T13:24:14Z">
          <params>
            <param index="0">
              <value>
                <![CDATA[EndMethodNotMissing]]>
              </value>
            </param>
          </params>
          <reporter-output>
          </reporter-output>
        </test-method> <!-- compilationShouldPassWhen -->
        <test-method status="PASS" signature="compilationShouldPassWhen(java.lang.String)[pri:0, instance:fluent.api.EndProcessorTest@340f438e]" name="compilationShouldPassWhen" duration-ms="42" started-at="2018-06-19T13:24:14Z" data-provider="sourceFilesThatShouldPass" finished-at="2018-06-19T13:24:14Z">
          <params>
            <param index="0">
              <value>
                <![CDATA[PassThroughEndMethodNotMissing]]>
              </value>
            </param>
          </params>
          <reporter-output>
          </reporter-output>
        </test-method> <!-- compilationShouldPassWhen -->
        <test-method status="PASS" signature="compilationShouldPassWhen(java.lang.String)[pri:0, instance:fluent.api.EndProcessorTest@340f438e]" name="compilationShouldPassWhen" duration-ms="68" started-at="2018-06-19T13:24:14Z" data-provider="sourceFilesThatShouldPass" finished-at="2018-06-19T13:24:14Z">
          <params>
            <param index="0">
              <value>
                <![CDATA[EndMethodMissingInAssignment]]>
              </value>
            </param>
          </params>
          <reporter-output>
          </reporter-output>
        </test-method> <!-- compilationShouldPassWhen -->
        <test-method status="PASS" signature="compilationShouldPassWhen(java.lang.String)[pri:0, instance:fluent.api.EndProcessorTest@340f438e]" name="compilationShouldPassWhen" duration-ms="66" started-at="2018-06-19T13:24:14Z" data-provider="sourceFilesThatShouldPass" finished-at="2018-06-19T13:24:14Z">
          <params>
            <param index="0">
              <value>
                <![CDATA[EndMethodCheckIgnored]]>
              </value>
            </param>
          </params>
          <reporter-output>
          </reporter-output>
        </test-method> <!-- compilationShouldPassWhen -->
        <test-method status="PASS" signature="compilationShouldPassWhen(java.lang.String)[pri:0, instance:fluent.api.EndProcessorTest@340f438e]" name="compilationShouldPassWhen" duration-ms="37" started-at="2018-06-19T13:24:14Z" data-provider="sourceFilesThatShouldPass" finished-at="2018-06-19T13:24:14Z">
          <params>
            <param index="0">
              <value>
                <![CDATA[EndMethodNotMissingInNesting]]>
              </value>
            </param>
          </params>
          <reporter-output>
          </reporter-output>
        </test-method> <!-- compilationShouldPassWhen -->
        <test-method status="PASS" signature="compilationShouldPassWhen(java.lang.String)[pri:0, instance:fluent.api.EndProcessorTest@340f438e]" name="compilationShouldPassWhen" duration-ms="35" started-at="2018-06-19T13:24:14Z" data-provider="sourceFilesThatShouldPass" finished-at="2018-06-19T13:24:14Z">
          <params>
            <param index="0">
              <value>
                <![CDATA[NestedEndMethodNotMissing]]>
              </value>
            </param>
          </params>
          <reporter-output>
          </reporter-output>
        </test-method> <!-- compilationShouldPassWhen -->
        <test-method status="PASS" signature="compilationShouldPassWhen(java.lang.String)[pri:0, instance:fluent.api.EndProcessorTest@340f438e]" name="compilationShouldPassWhen" duration-ms="55" started-at="2018-06-19T13:24:14Z" data-provider="sourceFilesThatShouldPass" finished-at="2018-06-19T13:24:14Z">
          <params>
            <param index="0">
              <value>
                <![CDATA[ExternalEndMethodNotMissing]]>
              </value>
            </param>
          </params>
          <reporter-output>
          </reporter-output>
        </test-method> <!-- compilationShouldPassWhen -->
        <test-method status="PASS" signature="compilationShouldPassWhen(java.lang.String)[pri:0, instance:fluent.api.EndProcessorTest@340f438e]" name="compilationShouldPassWhen" duration-ms="55" started-at="2018-06-19T13:24:14Z" data-provider="sourceFilesThatShouldPass" finished-at="2018-06-19T13:24:14Z">
          <params>
            <param index="0">
              <value>
                <![CDATA[ExternalGenericEndMethodNotMissing]]>
              </value>
            </param>
          </params>
          <reporter-output>
          </reporter-output>
        </test-method> <!-- compilationShouldPassWhen -->
        <test-method status="PASS" signature="compilationShouldPassWhen(java.lang.String)[pri:0, instance:fluent.api.EndProcessorTest@340f438e]" name="compilationShouldPassWhen" duration-ms="32" started-at="2018-06-19T13:24:14Z" data-provider="sourceFilesThatShouldPass" finished-at="2018-06-19T13:24:14Z">
          <params>
            <param index="0">
              <value>
                <![CDATA[ExternalGenericEndMethodWithParameterNotMissing]]>
              </value>
            </param>
          </params>
          <reporter-output>
          </reporter-output>
        </test-method> <!-- compilationShouldPassWhen -->
        <test-method status="PASS" signature="compilationShouldPassWhen(java.lang.String)[pri:0, instance:fluent.api.EndProcessorTest@340f438e]" name="compilationShouldPassWhen" duration-ms="54" started-at="2018-06-19T13:24:14Z" data-provider="sourceFilesThatShouldPass" finished-at="2018-06-19T13:24:14Z">
          <params>
            <param index="0">
              <value>
                <![CDATA[ExternalGenericEndMethodWithGenericParameterNotMissing]]>
              </value>
            </param>
          </params>
          <reporter-output>
          </reporter-output>
        </test-method> <!-- compilationShouldPassWhen -->
      </class> <!-- fluent.api.EndProcessorTest -->
    </test> <!-- Command line test -->
  </suite> <!-- fluent.api.EndProcessorTest -->
</testng-results>
