<?xml version="1.0" encoding="UTF-8"?>
<!-- Generated by org.testng.reporters.JUnitReportReporter -->
<testsuite skipped="0" hostname="PunXound" name="fluent.api.EndProcessorTest" tests="4" failures="0" timestamp="19 Čer 2018 13:29:11 GMT" time="0.728" errors="0">
  <testcase name="compilationShouldFailWhenEndMethodMissing" time="0.577" classname="fluent.api.EndProcessorTest"/>
  <testcase name="compilationShouldPassWhen" time="0.050" classname="fluent.api.EndProcessorTest"/>
  <testcase name="compilationShouldPassWhen" time="0.060" classname="fluent.api.EndProcessorTest"/>
  <testcase name="compilationShouldPassWhen" time="0.041" classname="fluent.api.EndProcessorTest"/>
</testsuite> <!-- fluent.api.EndProcessorTest -->
